<?xml version="1.0" encoding="UTF-8"?>
<!-- Generated by org.testng.reporters.JUnitReportReporter -->
<testsuite hostname="DESKTOP-19RFTL4" failures="0" tests="6" name="SwagLabTest.SwagTestNG" time="0.012" errors="0" timestamp="2022-11-08T21:57:58 IST" skipped="0">
  <testcase classname="SwagLabTest.SwagTestNG" name="test5" time="0.001"/>
  <system-out/>
  <testcase classname="SwagLabTest.SwagTestNG" name="test3" time="0.000"/>
  <system-out/>
  <testcase classname="SwagLabTest.SwagTestNG" name="test4" time="0.002"/>
  <system-out/>
  <testcase classname="SwagLabTest.SwagTestNG" name="test2" time="0.002"/>
  <system-out/>
  <testcase classname="SwagLabTest.SwagTestNG" name="test6" time="0.001"/>
  <system-out/>
  <testcase classname="SwagLabTest.SwagTestNG" name="test1" time="0.006"/>
  <system-out/>
</testsuite> <!-- SwagLabTest.SwagTestNG -->
