<?xml version="1.0" encoding="UTF-8"?>
<!-- Generated by org.testng.reporters.JUnitReportReporter -->
<testsuite hostname="DESKTOP-19RFTL4" failures="0" tests="1" name="AmazonTest.AmazTestNG" time="1.063" errors="0" timestamp="2022-11-10T17:15:50 IST" skipped="0">
  <testcase classname="AmazonTest.AmazTestNG" name="test" time="1.063"/>
  <system-out/>
</testsuite> <!-- AmazonTest.AmazTestNG -->
