<?xml version="1.0" encoding="UTF-8"?>
<!-- Generated by org.testng.reporters.JUnitReportReporter -->
<testsuite hostname="DESKTOP-19RFTL4" failures="0" tests="3" name="TestKhanAcdm.KhanTestNG2" time="19.105" errors="0" timestamp="2022-11-21T14:24:13 IST" skipped="0">
  <testcase classname="TestKhanAcdm.KhanTestNG2" name="test1" time="5.519"/>
  <system-out/>
  <testcase classname="TestKhanAcdm.KhanTestNG2" name="test3" time="7.456"/>
  <system-out/>
  <testcase classname="TestKhanAcdm.KhanTestNG2" name="test2" time="6.130"/>
  <system-out/>
</testsuite> <!-- TestKhanAcdm.KhanTestNG2 -->
