<?xml version="1.0" encoding="UTF-8"?>
<!-- Generated by org.testng.reporters.JUnitReportReporter -->
<testsuite hostname="DESKTOP-19RFTL4" failures="0" tests="5" name="TestKhanAcdm.PracticeTestNG" time="0.017" errors="0" timestamp="2022-11-30T13:54:15 IST" skipped="0">
  <testcase classname="TestKhanAcdm.PracticeTestNG" name="test1" time="0.008"/>
  <system-out/>
  <testcase classname="TestKhanAcdm.PracticeTestNG" name="test3" time="0.003"/>
  <system-out/>
  <testcase classname="TestKhanAcdm.PracticeTestNG" name="test4" time="0.002"/>
  <system-out/>
  <testcase classname="TestKhanAcdm.PracticeTestNG" name="test2" time="0.001"/>
  <system-out/>
  <testcase classname="TestKhanAcdm.PracticeTestNG" name="test5" time="0.003"/>
  <system-out/>
</testsuite> <!-- TestKhanAcdm.PracticeTestNG -->
