<?xml version="1.0" encoding="UTF-8"?>
<!-- Generated by org.testng.reporters.JUnitReportReporter -->
<testsuite hostname="DESKTOP-19RFTL4" failures="0" tests="1" name="TestKhanAcdm.TestNG" time="0.007" errors="0" timestamp="2022-11-07T07:10:46 IST" skipped="0">
  <testcase classname="TestKhanAcdm.TestNG" name="test" time="0.007"/>
  <system-out/>
</testsuite> <!-- TestKhanAcdm.TestNG -->
