<?xml version="1.0" encoding="UTF-8"?>
<!-- Generated by org.testng.reporters.JUnitReportReporter -->
<testsuite hostname="DESKTOP-19RFTL4" failures="0" tests="1" name="Demo.NewTest" time="0.008" errors="0" timestamp="2022-11-08T14:29:58 IST" skipped="0">
  <testcase classname="Demo.NewTest" name="f" time="0.008"/>
  <system-out/>
</testsuite> <!-- Demo.NewTest -->
